Error scraping https://codeforces.com/problemset/problem/1/A: 403 Client Error: Forbidden for url: https://codeforces.com/problemset/problem/1/A
Error scraping https://codeforces.com/problemset/problem/4/A: 403 Client Error: Forbidden for url: https://codeforces.com/problemset/problem/4/A
Error scraping https://codeforces.com/blog/entry/13538: 'NoneType' object has no attribute 'prettify'
Error scraping https://codeforces.com/blog/entry/63724: 'NoneType' object has no attribute 'prettify'
Error scraping https://codeforces.com/problemset/problem/1/A: 403 Client Error: Forbidden for url: https://codeforces.com/problemset/problem/1/A
Error scraping https://codeforces.com/problemset/problem/4/A: 403 Client Error: Forbidden for url: https://codeforces.com/problemset/problem/4/A
Error scraping https://codeforces.com/blog/entry/13538: 'NoneType' object has no attribute 'prettify'
Error scraping https://codeforces.com/blog/entry/63724: 'NoneType' object has no attribute 'prettify'
Error scraping https://codeforces.com/problemset/problem/2053/I1: 403 Client Error: Forbidden for url: https://codeforces.com/problemset/problem/2053/I1
Error scraping https://codeforces.com/problemset/problem/2053/F: 403 Client Error: Forbidden for url: https://codeforces.com/problemset/problem/2053/F
Error scraping https://codeforces.com/blog/entry/13538: 'NoneType' object has no attribute 'prettify'
Error scraping https://codeforces.com/blog/entry/63724: 'NoneType' object has no attribute 'prettify'
Error scraping https://codeforces.com/problemset/problem/2053/I1: 403 Client Error: Forbidden for url: https://codeforces.com/problemset/problem/2053/I1
Error scraping https://codeforces.com/problemset/problem/2053/I1: 403 Client Error: Forbidden for url: https://codeforces.com/problemset/problem/2053/I1
Error scraping https://codeforces.com/problemset/problem/2053/I1: 403 Client Error: Forbidden for url: https://codeforces.com/problemset/problem/2053/I1
Error scraping https://codeforces.com/problemset/problem/2053/F: 403 Client Error: Forbidden for url: https://codeforces.com/problemset/problem/2053/F
Error scraping https://codeforces.com/blog/entry/13538: 'NoneType' object has no attribute 'prettify'
Error scraping https://codeforces.com/problemset/problem/2053/I1: 403 Client Error: Forbidden for url: https://codeforces.com/problemset/problem/2053/I1
Error scraping https://codeforces.com/problemset/problem/2053/F: 403 Client Error: Forbidden for url: https://codeforces.com/problemset/problem/2053/F
Error scraping https://codeforces.com/blog/entry/13538: 'NoneType' object has no attribute 'prettify'
Error scraping https://codeforces.com/blog/entry/63724: 'NoneType' object has no attribute 'prettify'
Error scraping https://codeforces.com/problemset/problem/1/A: HTTP error: 403 Client Error: Forbidden for url: https://codeforces.com/problemset/problem/1/A
Error scraping https://codeforces.com/problemset/problem/4/A: HTTP error: 403 Client Error: Forbidden for url: https://codeforces.com/problemset/problem/4/A
Error scraping https://codeforces.com/problemset/problem/1/A: 'NoneType' object has no attribute 'text'
Error scraping https://codeforces.com/problemset/problem/4/A: 'NoneType' object has no attribute 'text'
Error scraping https://codeforces.com/problemset/problem/1/A: 'NoneType' object has no attribute 'text'
Error scraping https://codeforces.com/problemset/problem/4/A: 'NoneType' object has no attribute 'text'
Error scraping https://codeforces.com/problemset/problem/1/A: HTTP error: 403 Client Error: Forbidden for url: https://codeforces.com/problemset/problem/1/A
Error scraping https://codeforces.com/problemset/problem/4/A: HTTP error: 403 Client Error: Forbidden for url: https://codeforces.com/problemset/problem/4/A
Error scraping https://codeforces.com/blog/entry/13538: 'NoneType' object has no attribute 'get_text'
Error scraping https://codeforces.com/blog/entry/63724: 'NoneType' object has no attribute 'get_text'
Error scraping https://codeforces.com/problemset/problem/1/A: HTTP error: 403 Client Error: Forbidden for url: https://codeforces.com/problemset/problem/1/A
Error scraping https://codeforces.com/problemset/problem/4/A: HTTP error: 403 Client Error: Forbidden for url: https://codeforces.com/problemset/problem/4/A
Error scraping https://codeforces.com/problemset/problem/1/A: HTTP error: 403 Client Error: Forbidden for url: https://codeforces.com/problemset/problem/1/A
Error scraping https://codeforces.com/problemset/problem/4/A: HTTP error: 403 Client Error: Forbidden for url: https://codeforces.com/problemset/problem/4/A
Error scraping https://codeforces.com/problemset/problem/1/A: HTTP error: 403 Client Error: Forbidden for url: https://codeforces.com/problemset/problem/1/A
Error scraping https://codeforces.com/problemset/problem/4/A: HTTP error: 403 Client Error: Forbidden for url: https://codeforces.com/problemset/problem/4/A
